app/build/intermediates/manifest_merge_blame_file/debug/manifest-merger-blame-debug-report.txt
1<?xml version="1.0" encoding="utf-8"?>
2<manifest xmlns:android="http://schemas.android.com/apk/res/android"
3    package="com.example.qlct"
4    android:versionCode="1"
5    android:versionName="1.0" >
6
7    <uses-sdk
8        android:minSdkVersion="14"
8-->src\main\AndroidManifest.xml
9        android:targetSdkVersion="32" />
9-->src\main\AndroidManifest.xml
10
11    <uses-permission android:name="android.permission.READ_EXTERNAL_STORAGE" />
11-->src\main\AndroidManifest.xml:5:5-79
11-->src\main\AndroidManifest.xml:5:22-77
12    <uses-permission android:name="android.permission.RECEIVE_SMS" />
12-->src\main\AndroidManifest.xml:6:5-70
12-->src\main\AndroidManifest.xml:6:22-67
13    <uses-permission android:name="android.permission.READ_SMS" />
13-->src\main\AndroidManifest.xml:7:5-67
13-->src\main\AndroidManifest.xml:7:22-64
14    <uses-permission android:name="android.permission.ACCESS_NETWORK_STATE" />
14-->[io.realm:realm-android-library-object-server:5.0.0] AndroidManifest.xml:10:5-79
14-->[io.realm:realm-android-library-object-server:5.0.0] AndroidManifest.xml:10:22-76
15    <uses-permission android:name="android.permission.INTERNET" />
15-->[io.realm:realm-android-library-object-server:5.0.0] AndroidManifest.xml:11:5-67
15-->[io.realm:realm-android-library-object-server:5.0.0] AndroidManifest.xml:11:22-64
16
17    <application
17-->src\main\AndroidManifest.xml:9:5-33:19
18        android:name="com.example.qlct.app.RealmApplication"
18-->src\main\AndroidManifest.xml:10:9-45
19        android:allowBackup="true"
19-->src\main\AndroidManifest.xml:11:9-35
20        android:appComponentFactory="android.support.v4.app.CoreComponentFactory"
20-->[com.android.support:support-compat:28.0.0] AndroidManifest.xml:22:18-91
21        android:debuggable="true"
22        android:icon="@mipmap/ic_launcher"
22-->src\main\AndroidManifest.xml:12:9-43
23        android:label="@string/app_name"
23-->src\main\AndroidManifest.xml:13:9-41
24        android:roundIcon="@mipmap/ic_launcher_round"
24-->src\main\AndroidManifest.xml:14:9-54
25        android:supportsRtl="true"
25-->src\main\AndroidManifest.xml:15:9-35
26        android:testOnly="true"
27        android:theme="@style/AppTheme" >
27-->src\main\AndroidManifest.xml:16:9-40
28        <activity
28-->src\main\AndroidManifest.xml:17:9-24:20
29            android:name="com.example.qlct.activity.MainActivity"
29-->src\main\AndroidManifest.xml:17:19-56
30            android:exported="true" >
30-->src\main\AndroidManifest.xml:18:13-36
31            <intent-filter>
31-->src\main\AndroidManifest.xml:19:13-23:29
32                <action android:name="android.intent.action.MAIN" />
32-->src\main\AndroidManifest.xml:20:17-69
32-->src\main\AndroidManifest.xml:20:25-66
33
34                <category android:name="android.intent.category.LAUNCHER" />
34-->src\main\AndroidManifest.xml:22:17-77
34-->src\main\AndroidManifest.xml:22:27-74
35            </intent-filter>
36        </activity>
37
38        <receiver
38-->src\main\AndroidManifest.xml:26:9-31:20
39            android:name="com.example.qlct.message.MessageReceiver"
39-->src\main\AndroidManifest.xml:26:19-58
40            android:exported="false" >
40-->src\main\AndroidManifest.xml:27:13-37
41            <intent-filter android:priority="1000" >
41-->src\main\AndroidManifest.xml:28:13-30:29
41-->src\main\AndroidManifest.xml:28:28-51
42                <action android:name="android.provider.Telephony.SMS_RECEIVED" />
42-->src\main\AndroidManifest.xml:29:17-82
42-->src\main\AndroidManifest.xml:29:25-79
43            </intent-filter>
44        </receiver>
45    </application>
46
47</manifest>